[ 2021-10-19T19:32:12+08:00 ] 127.0.0.1 /index.php/Admin
INFO: [ app_begin ] --START--
INFO: Run Behavior\ReadHtmlCache [ RunTime:0.001000s ]
INFO: [ app_begin ] --END-- [ RunTime:0.001000s ]
SQL: SHOW COLUMNS FROM `al_user` [ RunTime:0.002000s ]
SQL: SELECT * FROM `al_user` WHERE ( `user_id` = '040df5a87a323df1fdc1558fdae8524b' ) LIMIT 1   [ RunTime:0.001000s ]
SQL: SHOW COLUMNS FROM al_user_position as user_position [ RunTime:0.001000s ]
ERR: 1064:You have an error in your SQL syntax; check the manual that corresponds to your MySQL server version for the right syntax to use near 'as user_position' at line 1
 [ SQL语句 ] : SHOW COLUMNS FROM al_user_position as user_position
NOTIC: [8] Undefined variable: result D:\phpstudy_pro\WWW\tryit.net\Application\Admin\Controller\AdminBaseController.class.php 第 24 行.
SQL: SELECT position.* FROM al_user_position as user_position INNER JOIN al_position as position ON position.position_id = user_position.position_id  WHERE ( user_position.user_id = null )  [ RunTime:0.002000s ]
ERR: 1146:Table 'dianbai.al_user_position' doesn't exist
 [ SQL语句 ] : SELECT position.* FROM al_user_position as user_position INNER JOIN al_position as position ON position.position_id = user_position.position_id  WHERE ( user_position.user_id = null ) 
NOTIC: [2] Invalid argument supplied for foreach() D:\phpstudy_pro\WWW\tryit.net\Application\Admin\Controller\AdminBaseController.class.php 第 27 行.
SQL: SHOW COLUMNS FROM al_user_role as user_role [ RunTime:0.001000s ]
ERR: 1064:You have an error in your SQL syntax; check the manual that corresponds to your MySQL server version for the right syntax to use near 'as user_role' at line 1
 [ SQL语句 ] : SHOW COLUMNS FROM al_user_role as user_role
SQL: SELECT role.update_time FROM al_user_role as user_role INNER JOIN al_role as role ON role.role_id = user_role.role_id  WHERE ( user_role.user_id = '040df5a87a323df1fdc1558fdae8524b' )  [ RunTime:0.002000s ]
SQL: SHOW COLUMNS FROM `al_role_auth` [ RunTime:0.002000s ]
SQL: SELECT * FROM `al_role_auth` WHERE ( `controller` = 'Index' ) AND ( `action` = 'index' ) LIMIT 1   [ RunTime:0.001000s ]
SQL: SELECT * FROM `al_user` WHERE ( `user_id` = '040df5a87a323df1fdc1558fdae8524b' ) LIMIT 1   [ RunTime:0.002000s ]
SQL: SHOW COLUMNS FROM `al_user_role` [ RunTime:0.002000s ]
SQL: SELECT role.auth_id FROM `al_user_role` INNER JOIN al_role as role ON role.role_id = al_user_role.role_id  WHERE ( al_user_role.user_id = '040df5a87a323df1fdc1558fdae8524b' )  [ RunTime:0.002000s ]
NOTIC: [8] Undefined variable: authStr D:\phpstudy_pro\WWW\tryit.net\Application\Admin\Controller\AdminBaseController.class.php 第 219 行.
SQL: SELECT * FROM `al_role_auth` WHERE ( (`auth_id` = '1') OR (`auth_id` = '101') OR (`auth_id` = '102') OR (`auth_id` = '103') OR (`auth_id` = '104') OR (`auth_id` = '1011') OR (`auth_id` = '1012') OR (`auth_id` = '1021') OR (`auth_id` = '1022') OR (`auth_id` = '1031') OR (`auth_id` = '1032') OR (`auth_id` = '1041') OR (`auth_id` = '1042') OR (`auth_id` = '1043') OR (`auth_id` = '1044') OR (`auth_id` = '10111') OR (`auth_id` = '10113') OR (`auth_id` = '10114') OR (`auth_id` = '10211') OR (`auth_id` = '10213') OR (`auth_id` = '10214') OR (`auth_id` = '10311') OR (`auth_id` = '10313') OR (`auth_id` = '10314') OR (`auth_id` = '10315') OR (`auth_id` = '10411') OR (`auth_id` = '10412') OR (`auth_id` = '10413') OR (`auth_id` = '10431') OR (`auth_id` = '10432') OR (`auth_id` = '10433') OR (`auth_id` = '103151') ) AND ( `state` = 1 ) ORDER BY sort asc  [ RunTime:0.005001s ]
INFO: [ view_parse ] --START--
INFO: [ template_filter ] --START--
INFO: Run Behavior\ContentReplace [ RunTime:0.000000s ]
INFO: [ template_filter ] --END-- [ RunTime:0.000000s ]
INFO: Run Behavior\ParseTemplate [ RunTime:0.011000s ]
INFO: [ view_parse ] --END-- [ RunTime:0.011000s ]
INFO: [ view_filter ] --START--
INFO: Run Behavior\WriteHtmlCache [ RunTime:0.000000s ]
INFO: [ view_filter ] --END-- [ RunTime:0.000000s ]
INFO: [ app_end ] --START--
INFO: Run Behavior\ShowPageTrace [ RunTime:0.001000s ]
INFO: [ app_end ] --END-- [ RunTime:0.001000s ]

[ 2021-10-19T19:32:12+08:00 ] 127.0.0.1 /index.php/Admin/Index/welcome.html
INFO: [ app_begin ] --START--
INFO: Run Behavior\ReadHtmlCache [ RunTime:0.001000s ]
INFO: [ app_begin ] --END-- [ RunTime:0.001000s ]
SQL: SHOW COLUMNS FROM `al_user` [ RunTime:0.002000s ]
SQL: SELECT * FROM `al_user` WHERE ( `user_id` = '040df5a87a323df1fdc1558fdae8524b' ) LIMIT 1   [ RunTime:0.001000s ]
SQL: SHOW COLUMNS FROM al_user_position as user_position [ RunTime:0.002000s ]
ERR: 1064:You have an error in your SQL syntax; check the manual that corresponds to your MySQL server version for the right syntax to use near 'as user_position' at line 1
 [ SQL语句 ] : SHOW COLUMNS FROM al_user_position as user_position
NOTIC: [8] Undefined variable: result D:\phpstudy_pro\WWW\tryit.net\Application\Admin\Controller\AdminBaseController.class.php 第 24 行.
SQL: SELECT position.* FROM al_user_position as user_position INNER JOIN al_position as position ON position.position_id = user_position.position_id  WHERE ( user_position.user_id = null )  [ RunTime:0.001000s ]
ERR: 1146:Table 'dianbai.al_user_position' doesn't exist
 [ SQL语句 ] : SELECT position.* FROM al_user_position as user_position INNER JOIN al_position as position ON position.position_id = user_position.position_id  WHERE ( user_position.user_id = null ) 
NOTIC: [2] Invalid argument supplied for foreach() D:\phpstudy_pro\WWW\tryit.net\Application\Admin\Controller\AdminBaseController.class.php 第 27 行.
SQL: SHOW COLUMNS FROM al_user_role as user_role [ RunTime:0.002000s ]
ERR: 1064:You have an error in your SQL syntax; check the manual that corresponds to your MySQL server version for the right syntax to use near 'as user_role' at line 1
 [ SQL语句 ] : SHOW COLUMNS FROM al_user_role as user_role
SQL: SELECT role.update_time FROM al_user_role as user_role INNER JOIN al_role as role ON role.role_id = user_role.role_id  WHERE ( user_role.user_id = '040df5a87a323df1fdc1558fdae8524b' )  [ RunTime:0.001000s ]
SQL: SHOW COLUMNS FROM `al_role_auth` [ RunTime:0.002000s ]
SQL: SELECT * FROM `al_role_auth` WHERE ( `controller` = 'Index' ) AND ( `action` = 'welcome' ) LIMIT 1   [ RunTime:0.001000s ]
SQL:  SELECT * FROM al_user_position a  LEFT JOIN al_position b  ON  a.position_id = b.position_id where user_id = '040df5a87a323df1fdc1558fdae8524b'  [ RunTime:0.001000s ]
ERR: 1146:Table 'dianbai.al_user_position' doesn't exist
 [ SQL语句 ] :  SELECT * FROM al_user_position a  LEFT JOIN al_position b  ON  a.position_id = b.position_id where user_id = '040df5a87a323df1fdc1558fdae8524b' 
NOTIC: [2] Invalid argument supplied for foreach() D:\phpstudy_pro\WWW\tryit.net\Application\Admin\Controller\IndexController.class.php 第 19 行.
SQL:  SELECT * FROM al_user_dept a  LEFT JOIN al_dept b  ON  a.dept_id = b.dept_id where user_id = '040df5a87a323df1fdc1558fdae8524b'  [ RunTime:0.002001s ]
ERR: 1146:Table 'dianbai.al_user_dept' doesn't exist
 [ SQL语句 ] :  SELECT * FROM al_user_dept a  LEFT JOIN al_dept b  ON  a.dept_id = b.dept_id where user_id = '040df5a87a323df1fdc1558fdae8524b' 
NOTIC: [2] Invalid argument supplied for foreach() D:\phpstudy_pro\WWW\tryit.net\Application\Admin\Controller\IndexController.class.php 第 25 行.
SQL: SHOW COLUMNS FROM `al_order` [ RunTime:0.001000s ]
ERR: 1146:Table 'dianbai.al_order' doesn't exist
 [ SQL语句 ] : SHOW COLUMNS FROM `al_order`
SQL: SELECT COUNT(*) AS tp_count FROM `al_order` WHERE ( `distribution_status` = 0 ) LIMIT 1   [ RunTime:0.001000s ]
ERR: 1146:Table 'dianbai.al_order' doesn't exist
 [ SQL语句 ] : SELECT COUNT(*) AS tp_count FROM `al_order` WHERE ( `distribution_status` = 0 ) LIMIT 1  
SQL: SHOW COLUMNS FROM `al_project_task` [ RunTime:0.001000s ]
ERR: 1146:Table 'dianbai.al_project_task' doesn't exist
 [ SQL语句 ] : SHOW COLUMNS FROM `al_project_task`
SQL: SELECT * FROM `al_project_task` WHERE ( `task_status` = 0 )  [ RunTime:0.002000s ]
ERR: 1146:Table 'dianbai.al_project_task' doesn't exist
 [ SQL语句 ] : SELECT * FROM `al_project_task` WHERE ( `task_status` = 0 ) 
NOTIC: [2] Invalid argument supplied for foreach() D:\phpstudy_pro\WWW\tryit.net\Application\Admin\Controller\IndexController.class.php 第 36 行.
INFO: [ view_parse ] --START--
INFO: [ template_filter ] --START--
INFO: Run Behavior\ContentReplace [ RunTime:0.000000s ]
INFO: [ template_filter ] --END-- [ RunTime:0.000000s ]
INFO: Run Behavior\ParseTemplate [ RunTime:0.010001s ]
INFO: [ view_parse ] --END-- [ RunTime:0.010001s ]
INFO: [ view_filter ] --START--
INFO: Run Behavior\WriteHtmlCache [ RunTime:0.001000s ]
INFO: [ view_filter ] --END-- [ RunTime:0.001000s ]
INFO: [ app_end ] --START--
INFO: Run Behavior\ShowPageTrace [ RunTime:0.000000s ]
INFO: [ app_end ] --END-- [ RunTime:0.000000s ]

[ 2021-10-19T19:32:12+08:00 ] 127.0.0.1 /index.php/Admin/Item/item_list?
INFO: [ app_begin ] --START--
INFO: Run Behavior\ReadHtmlCache [ RunTime:0.000000s ]
INFO: [ app_begin ] --END-- [ RunTime:0.001000s ]
SQL: SHOW COLUMNS FROM `al_user` [ RunTime:0.002000s ]
SQL: SELECT * FROM `al_user` WHERE ( `user_id` = '040df5a87a323df1fdc1558fdae8524b' ) LIMIT 1   [ RunTime:0.002000s ]
SQL: SHOW COLUMNS FROM al_user_position as user_position [ RunTime:0.001000s ]
ERR: 1064:You have an error in your SQL syntax; check the manual that corresponds to your MySQL server version for the right syntax to use near 'as user_position' at line 1
 [ SQL语句 ] : SHOW COLUMNS FROM al_user_position as user_position
NOTIC: [8] Undefined variable: result D:\phpstudy_pro\WWW\tryit.net\Application\Admin\Controller\AdminBaseController.class.php 第 24 行.
SQL: SELECT position.* FROM al_user_position as user_position INNER JOIN al_position as position ON position.position_id = user_position.position_id  WHERE ( user_position.user_id = null )  [ RunTime:0.001000s ]
ERR: 1146:Table 'dianbai.al_user_position' doesn't exist
 [ SQL语句 ] : SELECT position.* FROM al_user_position as user_position INNER JOIN al_position as position ON position.position_id = user_position.position_id  WHERE ( user_position.user_id = null ) 
NOTIC: [2] Invalid argument supplied for foreach() D:\phpstudy_pro\WWW\tryit.net\Application\Admin\Controller\AdminBaseController.class.php 第 27 行.
SQL: SHOW COLUMNS FROM al_user_role as user_role [ RunTime:0.001000s ]
ERR: 1064:You have an error in your SQL syntax; check the manual that corresponds to your MySQL server version for the right syntax to use near 'as user_role' at line 1
 [ SQL语句 ] : SHOW COLUMNS FROM al_user_role as user_role
SQL: SELECT role.update_time FROM al_user_role as user_role INNER JOIN al_role as role ON role.role_id = user_role.role_id  WHERE ( user_role.user_id = '040df5a87a323df1fdc1558fdae8524b' )  [ RunTime:0.001000s ]
SQL: SHOW COLUMNS FROM `al_role_auth` [ RunTime:0.003000s ]
SQL: SELECT * FROM `al_role_auth` WHERE ( `controller` = 'Item' ) AND ( `action` = 'item_list' ) LIMIT 1   [ RunTime:0.001000s ]
INFO: [ view_parse ] --START--
INFO: [ template_filter ] --START--
INFO: Run Behavior\ContentReplace [ RunTime:0.000000s ]
INFO: [ template_filter ] --END-- [ RunTime:0.000000s ]
INFO: Run Behavior\ParseTemplate [ RunTime:0.006001s ]
INFO: [ view_parse ] --END-- [ RunTime:0.006001s ]
INFO: [ view_filter ] --START--
INFO: Run Behavior\WriteHtmlCache [ RunTime:0.001000s ]
INFO: [ view_filter ] --END-- [ RunTime:0.001000s ]
INFO: [ app_end ] --START--
INFO: Run Behavior\ShowPageTrace [ RunTime:0.000000s ]
INFO: [ app_end ] --END-- [ RunTime:0.000000s ]

[ 2021-10-19T19:32:12+08:00 ] 127.0.0.1 /index.php/Admin/Mod/mod_attr_list?
INFO: [ app_begin ] --START--
INFO: Run Behavior\ReadHtmlCache [ RunTime:0.000000s ]
INFO: [ app_begin ] --END-- [ RunTime:0.001000s ]
SQL: SHOW COLUMNS FROM `al_user` [ RunTime:0.002000s ]
SQL: SELECT * FROM `al_user` WHERE ( `user_id` = '040df5a87a323df1fdc1558fdae8524b' ) LIMIT 1   [ RunTime:0.001000s ]
SQL: SHOW COLUMNS FROM al_user_position as user_position [ RunTime:0.002000s ]
ERR: 1064:You have an error in your SQL syntax; check the manual that corresponds to your MySQL server version for the right syntax to use near 'as user_position' at line 1
 [ SQL语句 ] : SHOW COLUMNS FROM al_user_position as user_position
NOTIC: [8] Undefined variable: result D:\phpstudy_pro\WWW\tryit.net\Application\Admin\Controller\AdminBaseController.class.php 第 24 行.
SQL: SELECT position.* FROM al_user_position as user_position INNER JOIN al_position as position ON position.position_id = user_position.position_id  WHERE ( user_position.user_id = null )  [ RunTime:0.001000s ]
ERR: 1146:Table 'dianbai.al_user_position' doesn't exist
 [ SQL语句 ] : SELECT position.* FROM al_user_position as user_position INNER JOIN al_position as position ON position.position_id = user_position.position_id  WHERE ( user_position.user_id = null ) 
NOTIC: [2] Invalid argument supplied for foreach() D:\phpstudy_pro\WWW\tryit.net\Application\Admin\Controller\AdminBaseController.class.php 第 27 行.
SQL: SHOW COLUMNS FROM al_user_role as user_role [ RunTime:0.002000s ]
ERR: 1064:You have an error in your SQL syntax; check the manual that corresponds to your MySQL server version for the right syntax to use near 'as user_role' at line 1
 [ SQL语句 ] : SHOW COLUMNS FROM al_user_role as user_role
SQL: SELECT role.update_time FROM al_user_role as user_role INNER JOIN al_role as role ON role.role_id = user_role.role_id  WHERE ( user_role.user_id = '040df5a87a323df1fdc1558fdae8524b' )  [ RunTime:0.001000s ]
SQL: SHOW COLUMNS FROM `al_role_auth` [ RunTime:0.002000s ]
SQL: SELECT * FROM `al_role_auth` WHERE ( `controller` = 'Mod' ) AND ( `action` = 'mod_attr_list' ) LIMIT 1   [ RunTime:0.002001s ]
SQL: SHOW COLUMNS FROM `al_mod` [ RunTime:0.001000s ]
SQL: SELECT * FROM `al_mod` WHERE ( `is_delete` = 0 )  [ RunTime:0.002000s ]
INFO: [ view_parse ] --START--
INFO: [ template_filter ] --START--
INFO: Run Behavior\ContentReplace [ RunTime:0.000000s ]
INFO: [ template_filter ] --END-- [ RunTime:0.000000s ]
INFO: Run Behavior\ParseTemplate [ RunTime:0.007000s ]
INFO: [ view_parse ] --END-- [ RunTime:0.007000s ]
INFO: [ view_filter ] --START--
INFO: Run Behavior\WriteHtmlCache [ RunTime:0.001000s ]
INFO: [ view_filter ] --END-- [ RunTime:0.001000s ]
INFO: [ app_end ] --START--
INFO: Run Behavior\ShowPageTrace [ RunTime:0.000000s ]
INFO: [ app_end ] --END-- [ RunTime:0.000000s ]

[ 2021-10-19T19:32:12+08:00 ] 127.0.0.1 /index.php/Admin/Mod/mod_list?
INFO: [ app_begin ] --START--
INFO: Run Behavior\ReadHtmlCache [ RunTime:0.000000s ]
INFO: [ app_begin ] --END-- [ RunTime:0.001000s ]
SQL: SHOW COLUMNS FROM `al_user` [ RunTime:0.002000s ]
SQL: SELECT * FROM `al_user` WHERE ( `user_id` = '040df5a87a323df1fdc1558fdae8524b' ) LIMIT 1   [ RunTime:0.001000s ]
SQL: SHOW COLUMNS FROM al_user_position as user_position [ RunTime:0.002001s ]
ERR: 1064:You have an error in your SQL syntax; check the manual that corresponds to your MySQL server version for the right syntax to use near 'as user_position' at line 1
 [ SQL语句 ] : SHOW COLUMNS FROM al_user_position as user_position
NOTIC: [8] Undefined variable: result D:\phpstudy_pro\WWW\tryit.net\Application\Admin\Controller\AdminBaseController.class.php 第 24 行.
SQL: SELECT position.* FROM al_user_position as user_position INNER JOIN al_position as position ON position.position_id = user_position.position_id  WHERE ( user_position.user_id = null )  [ RunTime:0.001000s ]
ERR: 1146:Table 'dianbai.al_user_position' doesn't exist
 [ SQL语句 ] : SELECT position.* FROM al_user_position as user_position INNER JOIN al_position as position ON position.position_id = user_position.position_id  WHERE ( user_position.user_id = null ) 
NOTIC: [2] Invalid argument supplied for foreach() D:\phpstudy_pro\WWW\tryit.net\Application\Admin\Controller\AdminBaseController.class.php 第 27 行.
SQL: SHOW COLUMNS FROM al_user_role as user_role [ RunTime:0.001000s ]
ERR: 1064:You have an error in your SQL syntax; check the manual that corresponds to your MySQL server version for the right syntax to use near 'as user_role' at line 1
 [ SQL语句 ] : SHOW COLUMNS FROM al_user_role as user_role
SQL: SELECT role.update_time FROM al_user_role as user_role INNER JOIN al_role as role ON role.role_id = user_role.role_id  WHERE ( user_role.user_id = '040df5a87a323df1fdc1558fdae8524b' )  [ RunTime:0.001000s ]
SQL: SHOW COLUMNS FROM `al_role_auth` [ RunTime:0.002000s ]
SQL: SELECT * FROM `al_role_auth` WHERE ( `controller` = 'Mod' ) AND ( `action` = 'mod_list' ) LIMIT 1   [ RunTime:0.001000s ]
INFO: [ view_parse ] --START--
INFO: [ template_filter ] --START--
INFO: Run Behavior\ContentReplace [ RunTime:0.000000s ]
INFO: [ template_filter ] --END-- [ RunTime:0.000000s ]
INFO: Run Behavior\ParseTemplate [ RunTime:0.007000s ]
INFO: [ view_parse ] --END-- [ RunTime:0.007000s ]
INFO: [ view_filter ] --START--
INFO: Run Behavior\WriteHtmlCache [ RunTime:0.000000s ]
INFO: [ view_filter ] --END-- [ RunTime:0.000000s ]
INFO: [ app_end ] --START--
INFO: Run Behavior\ShowPageTrace [ RunTime:0.001000s ]
INFO: [ app_end ] --END-- [ RunTime:0.001000s ]

[ 2021-10-19T19:32:12+08:00 ] 127.0.0.1 /index.php/Admin/Item/item_list.html
INFO: [ app_begin ] --START--
INFO: Run Behavior\ReadHtmlCache [ RunTime:0.000000s ]
INFO: [ app_begin ] --END-- [ RunTime:0.000000s ]
SQL: SHOW COLUMNS FROM `al_user` [ RunTime:0.004000s ]
SQL: SELECT * FROM `al_user` WHERE ( `user_id` = '040df5a87a323df1fdc1558fdae8524b' ) LIMIT 1   [ RunTime:0.002001s ]
SQL: SHOW COLUMNS FROM al_user_position as user_position [ RunTime:0.001000s ]
ERR: 1064:You have an error in your SQL syntax; check the manual that corresponds to your MySQL server version for the right syntax to use near 'as user_position' at line 1
 [ SQL语句 ] : SHOW COLUMNS FROM al_user_position as user_position
NOTIC: [8] Undefined variable: result D:\phpstudy_pro\WWW\tryit.net\Application\Admin\Controller\AdminBaseController.class.php 第 24 行.
SQL: SELECT position.* FROM al_user_position as user_position INNER JOIN al_position as position ON position.position_id = user_position.position_id  WHERE ( user_position.user_id = null )  [ RunTime:0.002000s ]
ERR: 1146:Table 'dianbai.al_user_position' doesn't exist
 [ SQL语句 ] : SELECT position.* FROM al_user_position as user_position INNER JOIN al_position as position ON position.position_id = user_position.position_id  WHERE ( user_position.user_id = null ) 
NOTIC: [2] Invalid argument supplied for foreach() D:\phpstudy_pro\WWW\tryit.net\Application\Admin\Controller\AdminBaseController.class.php 第 27 行.
SQL: SHOW COLUMNS FROM al_user_role as user_role [ RunTime:0.001000s ]
ERR: 1064:You have an error in your SQL syntax; check the manual that corresponds to your MySQL server version for the right syntax to use near 'as user_role' at line 1
 [ SQL语句 ] : SHOW COLUMNS FROM al_user_role as user_role
SQL: SELECT role.update_time FROM al_user_role as user_role INNER JOIN al_role as role ON role.role_id = user_role.role_id  WHERE ( user_role.user_id = '040df5a87a323df1fdc1558fdae8524b' )  [ RunTime:0.002000s ]
SQL: SHOW COLUMNS FROM `al_role_auth` [ RunTime:0.003000s ]
SQL: SELECT * FROM `al_role_auth` WHERE ( `controller` = 'Item' ) AND ( `action` = 'item_list' ) LIMIT 1   [ RunTime:0.002000s ]
NOTIC: [2] Illegal string offset 'item_name' D:\phpstudy_pro\WWW\tryit.net\Application\Admin\Controller\ItemController.class.php 第 13 行.
NOTIC: [8] Uninitialized string offset: 0 D:\phpstudy_pro\WWW\tryit.net\Application\Admin\Controller\ItemController.class.php 第 13 行.
SQL: SHOW COLUMNS FROM al_item as item [ RunTime:0.001000s ]
ERR: 1064:You have an error in your SQL syntax; check the manual that corresponds to your MySQL server version for the right syntax to use near 'as item' at line 1
 [ SQL语句 ] : SHOW COLUMNS FROM al_item as item
SQL: SELECT * FROM al_item as item WHERE ( `is_delete` = 0 ) ORDER BY  update_time asc  LIMIT 0,20   [ RunTime:0.003000s ]
SQL: SELECT COUNT(*) AS tp_count FROM al_item as item WHERE ( `is_delete` = 0 ) LIMIT 1   [ RunTime:0.002000s ]
NOTIC: [8] Undefined variable: isParams D:\phpstudy_pro\WWW\tryit.net\Application\Admin\Controller\ItemController.class.php 第 29 行.

[ 2021-10-19T19:32:12+08:00 ] 127.0.0.1 /index.php/Admin/Mod/mod_attr_list.html
INFO: [ app_begin ] --START--
INFO: Run Behavior\ReadHtmlCache [ RunTime:0.001000s ]
INFO: [ app_begin ] --END-- [ RunTime:0.001000s ]
SQL: SHOW COLUMNS FROM `al_user` [ RunTime:0.004000s ]
SQL: SELECT * FROM `al_user` WHERE ( `user_id` = '040df5a87a323df1fdc1558fdae8524b' ) LIMIT 1   [ RunTime:0.002000s ]
SQL: SHOW COLUMNS FROM al_user_position as user_position [ RunTime:0.001000s ]
ERR: 1064:You have an error in your SQL syntax; check the manual that corresponds to your MySQL server version for the right syntax to use near 'as user_position' at line 1
 [ SQL语句 ] : SHOW COLUMNS FROM al_user_position as user_position
NOTIC: [8] Undefined variable: result D:\phpstudy_pro\WWW\tryit.net\Application\Admin\Controller\AdminBaseController.class.php 第 24 行.
SQL: SELECT position.* FROM al_user_position as user_position INNER JOIN al_position as position ON position.position_id = user_position.position_id  WHERE ( user_position.user_id = null )  [ RunTime:0.002000s ]
ERR: 1146:Table 'dianbai.al_user_position' doesn't exist
 [ SQL语句 ] : SELECT position.* FROM al_user_position as user_position INNER JOIN al_position as position ON position.position_id = user_position.position_id  WHERE ( user_position.user_id = null ) 
NOTIC: [2] Invalid argument supplied for foreach() D:\phpstudy_pro\WWW\tryit.net\Application\Admin\Controller\AdminBaseController.class.php 第 27 行.
SQL: SHOW COLUMNS FROM al_user_role as user_role [ RunTime:0.001001s ]
ERR: 1064:You have an error in your SQL syntax; check the manual that corresponds to your MySQL server version for the right syntax to use near 'as user_role' at line 1
 [ SQL语句 ] : SHOW COLUMNS FROM al_user_role as user_role
SQL: SELECT role.update_time FROM al_user_role as user_role INNER JOIN al_role as role ON role.role_id = user_role.role_id  WHERE ( user_role.user_id = '040df5a87a323df1fdc1558fdae8524b' )  [ RunTime:0.002000s ]
SQL: SHOW COLUMNS FROM `al_role_auth` [ RunTime:0.003000s ]
SQL: SELECT * FROM `al_role_auth` WHERE ( `controller` = 'Mod' ) AND ( `action` = 'mod_attr_list' ) LIMIT 1   [ RunTime:0.001000s ]
NOTIC: [2] Illegal string offset 'mod' D:\phpstudy_pro\WWW\tryit.net\Application\Admin\Controller\ModController.class.php 第 106 行.
NOTIC: [8] Uninitialized string offset: 0 D:\phpstudy_pro\WWW\tryit.net\Application\Admin\Controller\ModController.class.php 第 106 行.
SQL: SHOW COLUMNS FROM `al_mod_attr` [ RunTime:0.002000s ]
SQL: SELECT * FROM `al_mod_attr` WHERE ( `is_delete` = 0 ) LIMIT 0,20   [ RunTime:0.003000s ]
SQL: SELECT COUNT(*) AS tp_count FROM `al_mod_attr` WHERE ( `is_delete` = 0 ) LIMIT 1   [ RunTime:0.003000s ]

[ 2021-10-19T19:32:12+08:00 ] 127.0.0.1 /index.php/Admin/Mod/mod_list.html
INFO: [ app_begin ] --START--
INFO: Run Behavior\ReadHtmlCache [ RunTime:0.001000s ]
INFO: [ app_begin ] --END-- [ RunTime:0.001000s ]
SQL: SHOW COLUMNS FROM `al_user` [ RunTime:0.003000s ]
SQL: SELECT * FROM `al_user` WHERE ( `user_id` = '040df5a87a323df1fdc1558fdae8524b' ) LIMIT 1   [ RunTime:0.001000s ]
SQL: SHOW COLUMNS FROM al_user_position as user_position [ RunTime:0.002000s ]
ERR: 1064:You have an error in your SQL syntax; check the manual that corresponds to your MySQL server version for the right syntax to use near 'as user_position' at line 1
 [ SQL语句 ] : SHOW COLUMNS FROM al_user_position as user_position
NOTIC: [8] Undefined variable: result D:\phpstudy_pro\WWW\tryit.net\Application\Admin\Controller\AdminBaseController.class.php 第 24 行.
SQL: SELECT position.* FROM al_user_position as user_position INNER JOIN al_position as position ON position.position_id = user_position.position_id  WHERE ( user_position.user_id = null )  [ RunTime:0.001000s ]
ERR: 1146:Table 'dianbai.al_user_position' doesn't exist
 [ SQL语句 ] : SELECT position.* FROM al_user_position as user_position INNER JOIN al_position as position ON position.position_id = user_position.position_id  WHERE ( user_position.user_id = null ) 
NOTIC: [2] Invalid argument supplied for foreach() D:\phpstudy_pro\WWW\tryit.net\Application\Admin\Controller\AdminBaseController.class.php 第 27 行.
SQL: SHOW COLUMNS FROM al_user_role as user_role [ RunTime:0.002000s ]
ERR: 1064:You have an error in your SQL syntax; check the manual that corresponds to your MySQL server version for the right syntax to use near 'as user_role' at line 1
 [ SQL语句 ] : SHOW COLUMNS FROM al_user_role as user_role
SQL: SELECT role.update_time FROM al_user_role as user_role INNER JOIN al_role as role ON role.role_id = user_role.role_id  WHERE ( user_role.user_id = '040df5a87a323df1fdc1558fdae8524b' )  [ RunTime:0.002000s ]
SQL: SHOW COLUMNS FROM `al_role_auth` [ RunTime:0.003000s ]
SQL: SELECT * FROM `al_role_auth` WHERE ( `controller` = 'Mod' ) AND ( `action` = 'mod_list' ) LIMIT 1   [ RunTime:0.002001s ]
NOTIC: [2] Illegal string offset 'mod_name' D:\phpstudy_pro\WWW\tryit.net\Application\Admin\Controller\ModController.class.php 第 13 行.
NOTIC: [8] Uninitialized string offset: 0 D:\phpstudy_pro\WWW\tryit.net\Application\Admin\Controller\ModController.class.php 第 13 行.
SQL: SHOW COLUMNS FROM `al_mod` [ RunTime:0.003000s ]
SQL: SELECT * FROM `al_mod` WHERE ( `is_delete` = 0 ) LIMIT 0,20   [ RunTime:0.001000s ]
SQL: SELECT COUNT(*) AS tp_count FROM `al_mod` WHERE ( `is_delete` = 0 ) LIMIT 1   [ RunTime:0.002000s ]

[ 2021-10-19T19:32:21+08:00 ] 127.0.0.1 /index.php/Admin/Mod/add
INFO: [ app_begin ] --START--
INFO: Run Behavior\ReadHtmlCache [ RunTime:0.001000s ]
INFO: [ app_begin ] --END-- [ RunTime:0.001000s ]
SQL: SHOW COLUMNS FROM `al_user` [ RunTime:0.002000s ]
SQL: SELECT * FROM `al_user` WHERE ( `user_id` = '040df5a87a323df1fdc1558fdae8524b' ) LIMIT 1   [ RunTime:0.001000s ]
SQL: SHOW COLUMNS FROM al_user_position as user_position [ RunTime:0.002000s ]
ERR: 1064:You have an error in your SQL syntax; check the manual that corresponds to your MySQL server version for the right syntax to use near 'as user_position' at line 1
 [ SQL语句 ] : SHOW COLUMNS FROM al_user_position as user_position
NOTIC: [8] Undefined variable: result D:\phpstudy_pro\WWW\tryit.net\Application\Admin\Controller\AdminBaseController.class.php 第 24 行.
SQL: SELECT position.* FROM al_user_position as user_position INNER JOIN al_position as position ON position.position_id = user_position.position_id  WHERE ( user_position.user_id = null )  [ RunTime:0.001000s ]
ERR: 1146:Table 'dianbai.al_user_position' doesn't exist
 [ SQL语句 ] : SELECT position.* FROM al_user_position as user_position INNER JOIN al_position as position ON position.position_id = user_position.position_id  WHERE ( user_position.user_id = null ) 
NOTIC: [2] Invalid argument supplied for foreach() D:\phpstudy_pro\WWW\tryit.net\Application\Admin\Controller\AdminBaseController.class.php 第 27 行.
SQL: SHOW COLUMNS FROM al_user_role as user_role [ RunTime:0.001000s ]
ERR: 1064:You have an error in your SQL syntax; check the manual that corresponds to your MySQL server version for the right syntax to use near 'as user_role' at line 1
 [ SQL语句 ] : SHOW COLUMNS FROM al_user_role as user_role
SQL: SELECT role.update_time FROM al_user_role as user_role INNER JOIN al_role as role ON role.role_id = user_role.role_id  WHERE ( user_role.user_id = '040df5a87a323df1fdc1558fdae8524b' )  [ RunTime:0.001000s ]
SQL: SHOW COLUMNS FROM `al_role_auth` [ RunTime:0.002000s ]
SQL: SELECT * FROM `al_role_auth` WHERE ( `controller` = 'Mod' ) AND ( `action` = 'add' ) LIMIT 1   [ RunTime:0.002001s ]
INFO: [ view_parse ] --START--
INFO: [ template_filter ] --START--
INFO: Run Behavior\ContentReplace [ RunTime:0.000000s ]
INFO: [ template_filter ] --END-- [ RunTime:0.000000s ]
NOTIC: [8] Undefined variable: row D:\phpstudy_pro\WWW\tryit.net\Application\Runtime\Cache\Admin\281d79f7c3d4129c0321d49dab78265b.php 第 36 行.
NOTIC: [8] Undefined variable: row D:\phpstudy_pro\WWW\tryit.net\Application\Runtime\Cache\Admin\281d79f7c3d4129c0321d49dab78265b.php 第 42 行.
INFO: Run Behavior\ParseTemplate [ RunTime:0.006000s ]
INFO: [ view_parse ] --END-- [ RunTime:0.006000s ]
INFO: [ view_filter ] --START--
INFO: Run Behavior\WriteHtmlCache [ RunTime:0.000000s ]
INFO: [ view_filter ] --END-- [ RunTime:0.000000s ]
INFO: [ app_end ] --START--
INFO: Run Behavior\ShowPageTrace [ RunTime:0.001000s ]
INFO: [ app_end ] --END-- [ RunTime:0.001000s ]

[ 2021-10-19T19:32:23+08:00 ] 127.0.0.1 /index.php/Admin/Mod/add.html
INFO: [ app_begin ] --START--
INFO: Run Behavior\ReadHtmlCache [ RunTime:0.001000s ]
INFO: [ app_begin ] --END-- [ RunTime:0.001000s ]
SQL: SHOW COLUMNS FROM `al_user` [ RunTime:0.003000s ]
SQL: SELECT * FROM `al_user` WHERE ( `user_id` = '040df5a87a323df1fdc1558fdae8524b' ) LIMIT 1   [ RunTime:0.002001s ]
SQL: SHOW COLUMNS FROM al_user_position as user_position [ RunTime:0.001000s ]
ERR: 1064:You have an error in your SQL syntax; check the manual that corresponds to your MySQL server version for the right syntax to use near 'as user_position' at line 1
 [ SQL语句 ] : SHOW COLUMNS FROM al_user_position as user_position
NOTIC: [8] Undefined variable: result D:\phpstudy_pro\WWW\tryit.net\Application\Admin\Controller\AdminBaseController.class.php 第 24 行.
SQL: SELECT position.* FROM al_user_position as user_position INNER JOIN al_position as position ON position.position_id = user_position.position_id  WHERE ( user_position.user_id = null )  [ RunTime:0.002000s ]
ERR: 1146:Table 'dianbai.al_user_position' doesn't exist
 [ SQL语句 ] : SELECT position.* FROM al_user_position as user_position INNER JOIN al_position as position ON position.position_id = user_position.position_id  WHERE ( user_position.user_id = null ) 
NOTIC: [2] Invalid argument supplied for foreach() D:\phpstudy_pro\WWW\tryit.net\Application\Admin\Controller\AdminBaseController.class.php 第 27 行.
SQL: SHOW COLUMNS FROM al_user_role as user_role [ RunTime:0.001000s ]
ERR: 1064:You have an error in your SQL syntax; check the manual that corresponds to your MySQL server version for the right syntax to use near 'as user_role' at line 1
 [ SQL语句 ] : SHOW COLUMNS FROM al_user_role as user_role
SQL: SELECT role.update_time FROM al_user_role as user_role INNER JOIN al_role as role ON role.role_id = user_role.role_id  WHERE ( user_role.user_id = '040df5a87a323df1fdc1558fdae8524b' )  [ RunTime:0.002000s ]
SQL: SHOW COLUMNS FROM `al_role_auth` [ RunTime:0.003000s ]
SQL: SELECT * FROM `al_role_auth` WHERE ( `controller` = 'Mod' ) AND ( `action` = 'add' ) LIMIT 1   [ RunTime:0.001000s ]
SQL: SHOW COLUMNS FROM `al_mod` [ RunTime:0.003000s ]
SQL: SELECT * FROM `al_mod` WHERE ( `mod_name` = '国籍(地区)' ) LIMIT 1   [ RunTime:0.002000s ]

[ 2021-10-19T19:32:28+08:00 ] 127.0.0.1 /index.php/Admin/Mod/add.html
INFO: [ app_begin ] --START--
INFO: Run Behavior\ReadHtmlCache [ RunTime:0.000000s ]
INFO: [ app_begin ] --END-- [ RunTime:0.000000s ]
SQL: SHOW COLUMNS FROM `al_user` [ RunTime:0.003000s ]
SQL: SELECT * FROM `al_user` WHERE ( `user_id` = '040df5a87a323df1fdc1558fdae8524b' ) LIMIT 1   [ RunTime:0.002000s ]
SQL: SHOW COLUMNS FROM al_user_position as user_position [ RunTime:0.001000s ]
ERR: 1064:You have an error in your SQL syntax; check the manual that corresponds to your MySQL server version for the right syntax to use near 'as user_position' at line 1
 [ SQL语句 ] : SHOW COLUMNS FROM al_user_position as user_position
NOTIC: [8] Undefined variable: result D:\phpstudy_pro\WWW\tryit.net\Application\Admin\Controller\AdminBaseController.class.php 第 24 行.
SQL: SELECT position.* FROM al_user_position as user_position INNER JOIN al_position as position ON position.position_id = user_position.position_id  WHERE ( user_position.user_id = null )  [ RunTime:0.001000s ]
ERR: 1146:Table 'dianbai.al_user_position' doesn't exist
 [ SQL语句 ] : SELECT position.* FROM al_user_position as user_position INNER JOIN al_position as position ON position.position_id = user_position.position_id  WHERE ( user_position.user_id = null ) 
NOTIC: [2] Invalid argument supplied for foreach() D:\phpstudy_pro\WWW\tryit.net\Application\Admin\Controller\AdminBaseController.class.php 第 27 行.
SQL: SHOW COLUMNS FROM al_user_role as user_role [ RunTime:0.001000s ]
ERR: 1064:You have an error in your SQL syntax; check the manual that corresponds to your MySQL server version for the right syntax to use near 'as user_role' at line 1
 [ SQL语句 ] : SHOW COLUMNS FROM al_user_role as user_role
SQL: SELECT role.update_time FROM al_user_role as user_role INNER JOIN al_role as role ON role.role_id = user_role.role_id  WHERE ( user_role.user_id = '040df5a87a323df1fdc1558fdae8524b' )  [ RunTime:0.001001s ]
SQL: SHOW COLUMNS FROM `al_role_auth` [ RunTime:0.003000s ]
SQL: SELECT * FROM `al_role_auth` WHERE ( `controller` = 'Mod' ) AND ( `action` = 'add' ) LIMIT 1   [ RunTime:0.002000s ]
SQL: SHOW COLUMNS FROM `al_mod` [ RunTime:0.002000s ]
SQL: SELECT * FROM `al_mod` WHERE ( `mod_name` = '国籍(地区)' ) LIMIT 1   [ RunTime:0.001000s ]

[ 2021-10-19T19:32:34+08:00 ] 127.0.0.1 /Front/Country/get_country
INFO: [ app_begin ] --START--
INFO: Run Behavior\ReadHtmlCache [ RunTime:0.000000s ]
INFO: [ app_begin ] --END-- [ RunTime:0.000000s ]
SQL: SHOW COLUMNS FROM `al_mod_attr` [ RunTime:0.002000s ]
SQL: SELECT * FROM `al_mod_attr` WHERE ( `is_delete` = 0 ) AND ( `mod_name` = '国籍(地区)' )  [ RunTime:0.003000s ]

[ 2021-10-19T19:32:36+08:00 ] 127.0.0.1 /Front/front/userinfo_list
INFO: [ app_begin ] --START--
INFO: Run Behavior\ReadHtmlCache [ RunTime:0.000000s ]
INFO: [ app_begin ] --END-- [ RunTime:0.000000s ]
ERR: 非法操作:userinfo_list

[ 2021-10-19T19:32:50+08:00 ] 127.0.0.1 /Front/front/bankcard_list
INFO: [ app_begin ] --START--
INFO: Run Behavior\ReadHtmlCache [ RunTime:0.000000s ]
INFO: [ app_begin ] --END-- [ RunTime:0.000000s ]
ERR: 非法操作:bankcard_list

[ 2021-10-19T20:04:39+08:00 ] 127.0.0.1 /Front/front/userinfo_list
INFO: [ app_begin ] --START--
INFO: Run Behavior\ReadHtmlCache [ RunTime:0.001000s ]
INFO: [ app_begin ] --END-- [ RunTime:0.001000s ]
SQL: SHOW COLUMNS FROM `al_userinfo` [ RunTime:0.002000s ]
SQL: SELECT * FROM `al_userinfo` WHERE ( `uid` = '' )  [ RunTime:0.002000s ]

[ 2021-10-19T20:04:41+08:00 ] 127.0.0.1 /Front/front/login/code/083fmQFa1F8EXB00noFa1llZD11fmQFo
INFO: [ app_begin ] --START--
INFO: Run Behavior\ReadHtmlCache [ RunTime:0.001000s ]
INFO: [ app_begin ] --END-- [ RunTime:0.001000s ]
SQL: SHOW COLUMNS FROM `al_item_user` [ RunTime:0.002000s ]
SQL: SELECT * FROM `al_item_user` WHERE ( `openid` = 'oIa8v41x5elKiQSxLFSXgyX8_Ypg' ) LIMIT 1   [ RunTime:0.001000s ]
INFO: [ app_end ] --START--
INFO: Run Behavior\ShowPageTrace [ RunTime:0.001000s ]
INFO: [ app_end ] --END-- [ RunTime:0.001000s ]

[ 2021-10-19T20:04:41+08:00 ] 127.0.0.1 /Front/front/userinfo_list
INFO: [ app_begin ] --START--
INFO: Run Behavior\ReadHtmlCache [ RunTime:0.000000s ]
INFO: [ app_begin ] --END-- [ RunTime:0.001000s ]
SQL: SHOW COLUMNS FROM `al_userinfo` [ RunTime:0.001000s ]
SQL: SELECT * FROM `al_userinfo` WHERE ( `uid` = '2907057147f9f4b0093665d5220ce07e' )  [ RunTime:0.001000s ]

[ 2021-10-19T20:04:43+08:00 ] 127.0.0.1 /Front/front/getuserinfo
INFO: [ app_begin ] --START--
INFO: Run Behavior\ReadHtmlCache [ RunTime:0.000000s ]
INFO: [ app_begin ] --END-- [ RunTime:0.000000s ]
SQL: SHOW COLUMNS FROM `al_userinfo` [ RunTime:0.002000s ]
SQL: SELECT * FROM `al_userinfo` WHERE ( `id` = '16346339712907057147f9f4b0093665d5220ce07e' )  [ RunTime:0.001000s ]

[ 2021-10-19T20:04:43+08:00 ] 127.0.0.1 /Front/front/bank_list
INFO: [ app_begin ] --START--
INFO: Run Behavior\ReadHtmlCache [ RunTime:0.000000s ]
INFO: [ app_begin ] --END-- [ RunTime:0.001000s ]
NOTIC: [2] Invalid argument supplied for foreach() D:\phpstudy_pro\WWW\tryit.net\Application\Front\Controller\FrontBaseController.class.php 第 25 行.
SQL: SHOW COLUMNS FROM `al_mod_attr` [ RunTime:0.002000s ]
SQL: SELECT `attr_name` FROM `al_mod_attr` WHERE ( `mod_name` = '开户银行' )  [ RunTime:0.004000s ]

[ 2021-10-19T20:04:53+08:00 ] 127.0.0.1 /Front/front/updateuserinfo
INFO: [ app_begin ] --START--
INFO: Run Behavior\ReadHtmlCache [ RunTime:0.000000s ]
INFO: [ app_begin ] --END-- [ RunTime:0.001000s ]
SQL: SHOW COLUMNS FROM `al_userinfo` [ RunTime:0.002000s ]
SQL: UPDATE `al_userinfo` SET `item_no`='aaa',`item_name`='广州项目一',`job_no`='aaa',`username`='aaa',`idstype`='居民身份证',`idsnum`='aaa',`phone`='13642303588',`country`='中国',`sex`='男',`birthday`='2021-10-19',`status`='正常',`work_type`='证券经纪人',`job_type`='当年首次入职学生',`work_date`='2021-10-19',`note`='aaa',`create_time`=1634645093,`update_time`=1634645093 WHERE ( `id` = '16346339712907057147f9f4b0093665d5220ce07e' ) [ RunTime:0.002000s ]

[ 2021-10-19T20:04:56+08:00 ] 127.0.0.1 /Front/front/login/code/043KIqll2FVKW74nmlml2igG6X0KIqlT
INFO: [ app_begin ] --START--
INFO: Run Behavior\ReadHtmlCache [ RunTime:0.001001s ]
INFO: [ app_begin ] --END-- [ RunTime:0.001001s ]
SQL: SHOW COLUMNS FROM `al_item_user` [ RunTime:0.002000s ]
SQL: SELECT * FROM `al_item_user` WHERE ( `openid` = 'oIa8v41x5elKiQSxLFSXgyX8_Ypg' ) LIMIT 1   [ RunTime:0.001000s ]
INFO: [ app_end ] --START--
INFO: Run Behavior\ShowPageTrace [ RunTime:0.000000s ]
INFO: [ app_end ] --END-- [ RunTime:0.000000s ]

[ 2021-10-19T20:04:57+08:00 ] 127.0.0.1 /Front/front/userinfo_list
INFO: [ app_begin ] --START--
INFO: Run Behavior\ReadHtmlCache [ RunTime:0.000000s ]
INFO: [ app_begin ] --END-- [ RunTime:0.001000s ]
SQL: SHOW COLUMNS FROM `al_userinfo` [ RunTime:0.004000s ]
SQL: SELECT * FROM `al_userinfo` WHERE ( `uid` = '2907057147f9f4b0093665d5220ce07e' )  [ RunTime:0.003000s ]

[ 2021-10-19T20:04:58+08:00 ] 127.0.0.1 /Front/front/getuserinfo
INFO: [ app_begin ] --START--
INFO: Run Behavior\ReadHtmlCache [ RunTime:0.001001s ]
INFO: [ app_begin ] --END-- [ RunTime:0.001001s ]
SQL: SHOW COLUMNS FROM `al_userinfo` [ RunTime:0.003000s ]
SQL: SELECT * FROM `al_userinfo` WHERE ( `id` = '16346339712907057147f9f4b0093665d5220ce07e' )  [ RunTime:0.001000s ]

[ 2021-10-19T20:04:58+08:00 ] 127.0.0.1 /Front/front/bank_list
INFO: [ app_begin ] --START--
INFO: Run Behavior\ReadHtmlCache [ RunTime:0.000000s ]
INFO: [ app_begin ] --END-- [ RunTime:0.000000s ]
NOTIC: [2] Invalid argument supplied for foreach() D:\phpstudy_pro\WWW\tryit.net\Application\Front\Controller\FrontBaseController.class.php 第 25 行.
SQL: SHOW COLUMNS FROM `al_mod_attr` [ RunTime:0.002000s ]
SQL: SELECT `attr_name` FROM `al_mod_attr` WHERE ( `mod_name` = '开户银行' )  [ RunTime:0.004000s ]

[ 2021-10-19T20:05:04+08:00 ] 127.0.0.1 /Front/front/bankcard_list
INFO: [ app_begin ] --START--
INFO: Run Behavior\ReadHtmlCache [ RunTime:0.001000s ]
INFO: [ app_begin ] --END-- [ RunTime:0.001000s ]
SQL: SHOW COLUMNS FROM `al_bankcard` [ RunTime:0.002000s ]
SQL: SELECT * FROM `al_bankcard` WHERE ( `uid` = '2907057147f9f4b0093665d5220ce07e' )  [ RunTime:0.002000s ]

[ 2021-10-19T20:05:06+08:00 ] 127.0.0.1 /Front/front/getbankinfo
INFO: [ app_begin ] --START--
INFO: Run Behavior\ReadHtmlCache [ RunTime:0.001000s ]
INFO: [ app_begin ] --END-- [ RunTime:0.001000s ]
SQL: SHOW COLUMNS FROM `al_bankcard` [ RunTime:0.003001s ]
SQL: SELECT * FROM `al_bankcard` WHERE ( `id` = '16346336102907057147f9f4b0093665d5220ce07e' )  [ RunTime:0.002000s ]

[ 2021-10-19T20:05:06+08:00 ] 127.0.0.1 /Front/front/bank_list
INFO: [ app_begin ] --START--
INFO: Run Behavior\ReadHtmlCache [ RunTime:0.000000s ]
INFO: [ app_begin ] --END-- [ RunTime:0.000000s ]
NOTIC: [2] Invalid argument supplied for foreach() D:\phpstudy_pro\WWW\tryit.net\Application\Front\Controller\FrontBaseController.class.php 第 25 行.
SQL: SHOW COLUMNS FROM `al_mod_attr` [ RunTime:0.001000s ]
SQL: SELECT `attr_name` FROM `al_mod_attr` WHERE ( `mod_name` = '开户银行' )  [ RunTime:0.004000s ]

[ 2021-10-19T20:05:11+08:00 ] 127.0.0.1 /Front/front/salary_list
INFO: [ app_begin ] --START--
INFO: Run Behavior\ReadHtmlCache [ RunTime:0.000000s ]
INFO: [ app_begin ] --END-- [ RunTime:0.000000s ]
SQL: SHOW COLUMNS FROM `al_salary` [ RunTime:0.004000s ]
SQL: SELECT * FROM `al_salary` WHERE ( `uid` = '2907057147f9f4b0093665d5220ce07e' )  [ RunTime:0.003000s ]

[ 2021-10-19T20:05:12+08:00 ] 127.0.0.1 /Front/front/getsalaryinfo
INFO: [ app_begin ] --START--
INFO: Run Behavior\ReadHtmlCache [ RunTime:0.001000s ]
INFO: [ app_begin ] --END-- [ RunTime:0.001000s ]
SQL: SHOW COLUMNS FROM `al_salary` [ RunTime:0.004000s ]
SQL: SELECT * FROM `al_salary` WHERE ( `id` = '16346288072907057147f9f4b0093665d5220ce07e' )  [ RunTime:0.003000s ]

[ 2021-10-19T20:05:20+08:00 ] 127.0.0.1 /Front/front/updatesalary
INFO: [ app_begin ] --START--
INFO: Run Behavior\ReadHtmlCache [ RunTime:0.001000s ]
INFO: [ app_begin ] --END-- [ RunTime:0.001000s ]
SQL: SHOW COLUMNS FROM `al_salary` [ RunTime:0.004000s ]
SQL: UPDATE `al_salary` SET `allmoney`=99888,`getmoney`=666666,`eip`=666666666,`mip`=898999,`pmoney`=0,`zfmoney`=0,`jzmoney`=0,`jzmoney2`=0,`interest`=0,`homemoney`=0,`oldmoney`=0,`bmoney`=0,`hmoney`=0,`symoney`=0,`othermonry`=0,`jzemoney`=0,`jmsmoney`=0,`note`='',`create_time`=1634645120,`update_time`=1634645120 WHERE ( `id` = '16346288072907057147f9f4b0093665d5220ce07e' ) [ RunTime:0.005001s ]

[ 2021-10-19T20:05:24+08:00 ] 127.0.0.1 /Front/front/otherinfo_list
INFO: [ app_begin ] --START--
INFO: Run Behavior\ReadHtmlCache [ RunTime:0.000000s ]
INFO: [ app_begin ] --END-- [ RunTime:0.001000s ]
SQL: SHOW COLUMNS FROM `al_otherinfo` [ RunTime:0.005000s ]
SQL: SELECT * FROM `al_otherinfo` WHERE ( `uid` = '2907057147f9f4b0093665d5220ce07e' )  [ RunTime:0.002000s ]

[ 2021-10-19T20:05:25+08:00 ] 127.0.0.1 /Front/front/getotherinfo
INFO: [ app_begin ] --START--
INFO: Run Behavior\ReadHtmlCache [ RunTime:0.001000s ]
INFO: [ app_begin ] --END-- [ RunTime:0.001000s ]
SQL: SHOW COLUMNS FROM `al_otherinfo` [ RunTime:0.003000s ]
SQL: SELECT * FROM `al_otherinfo` WHERE ( `id` = '16346374732907057147f9f4b0093665d5220ce07e' )  [ RunTime:0.001000s ]

[ 2021-10-19T20:05:38+08:00 ] 127.0.0.1 /Front/front/updateotherinfo
INFO: [ app_begin ] --START--
INFO: Run Behavior\ReadHtmlCache [ RunTime:0.000000s ]
INFO: [ app_begin ] --END-- [ RunTime:0.001000s ]
SQL: SHOW COLUMNS FROM `al_otherinfo` [ RunTime:0.003000s ]
SQL: UPDATE `al_otherinfo` SET `freedate`='2021-10-19',`is_disabled`='否',`is_ls`='否',`is_alone`='否',`disablednum`='',`lsnum`='',`is_deduct`='否',`investment`=0,`proportion`=0,`username`='',`matter`='',`country`='',`entrydate`='2021-10-19',`leavedate`='2021-10-19',`other_type`='',`other_type_name`='',`email`='',`education`='',`job_type`='',`hjaddress`='广东省-广州市-天河区',`hjaddress1`='广东省',`hjaddress2`='广州市',`hjaddress3`='天河区',`czaddress`='广东省-广州市-番禺区',`czaddress1`='广东省',`czaddress2`='广州市',`czaddress3`='番禺区',`lxaddress`='广东省-广州市-番禺区',`lxaddress1`='广东省',`lxaddress2`='广州市',`lxaddress3`='番禺区',`note`='' WHERE ( `id` = '16346374732907057147f9f4b0093665d5220ce07e' ) [ RunTime:0.003000s ]

[ 2021-10-19T20:05:42+08:00 ] 127.0.0.1 /Front/front/getotherinfo
INFO: [ app_begin ] --START--
INFO: Run Behavior\ReadHtmlCache [ RunTime:0.000000s ]
INFO: [ app_begin ] --END-- [ RunTime:0.001000s ]
SQL: SHOW COLUMNS FROM `al_otherinfo` [ RunTime:0.003000s ]
SQL: SELECT * FROM `al_otherinfo` WHERE ( `id` = '16346374732907057147f9f4b0093665d5220ce07e' )  [ RunTime:0.002000s ]

[ 2021-10-19T20:07:07+08:00 ] 127.0.0.1 /Front/front/userinfo_list
INFO: [ app_begin ] --START--
INFO: Run Behavior\ReadHtmlCache [ RunTime:0.000000s ]
INFO: [ app_begin ] --END-- [ RunTime:0.000000s ]
SQL: SHOW COLUMNS FROM `al_userinfo` [ RunTime:0.003000s ]
SQL: SELECT * FROM `al_userinfo` WHERE ( `uid` = '2907057147f9f4b0093665d5220ce07e' )  [ RunTime:0.004001s ]

[ 2021-10-19T20:07:09+08:00 ] 127.0.0.1 /Front/front/bankcard_list
INFO: [ app_begin ] --START--
INFO: Run Behavior\ReadHtmlCache [ RunTime:0.001000s ]
INFO: [ app_begin ] --END-- [ RunTime:0.001000s ]
SQL: SHOW COLUMNS FROM `al_bankcard` [ RunTime:0.002000s ]
SQL: SELECT * FROM `al_bankcard` WHERE ( `uid` = '2907057147f9f4b0093665d5220ce07e' )  [ RunTime:0.001000s ]

[ 2021-10-19T20:07:11+08:00 ] 127.0.0.1 /Front/front/salary_list
INFO: [ app_begin ] --START--
INFO: Run Behavior\ReadHtmlCache [ RunTime:0.001000s ]
INFO: [ app_begin ] --END-- [ RunTime:0.001000s ]
SQL: SHOW COLUMNS FROM `al_salary` [ RunTime:0.003001s ]
SQL: SELECT * FROM `al_salary` WHERE ( `uid` = '2907057147f9f4b0093665d5220ce07e' )  [ RunTime:0.002000s ]

[ 2021-10-19T20:07:13+08:00 ] 127.0.0.1 /Front/front/otherinfo_list
INFO: [ app_begin ] --START--
INFO: Run Behavior\ReadHtmlCache [ RunTime:0.001001s ]
INFO: [ app_begin ] --END-- [ RunTime:0.001001s ]
SQL: SHOW COLUMNS FROM `al_otherinfo` [ RunTime:0.003000s ]
SQL: SELECT * FROM `al_otherinfo` WHERE ( `uid` = '2907057147f9f4b0093665d5220ce07e' )  [ RunTime:0.003000s ]

[ 2021-10-19T20:07:16+08:00 ] 127.0.0.1 /Front/Country/get_country
INFO: [ app_begin ] --START--
INFO: Run Behavior\ReadHtmlCache [ RunTime:0.001000s ]
INFO: [ app_begin ] --END-- [ RunTime:0.001000s ]
SQL: SHOW COLUMNS FROM `al_mod_attr` [ RunTime:0.002000s ]
SQL: SELECT * FROM `al_mod_attr` WHERE ( `is_delete` = 0 ) AND ( `mod_name` = '国籍(地区)' )  [ RunTime:0.001001s ]

[ 2021-10-19T20:07:20+08:00 ] 127.0.0.1 /Front/front/bank_list
INFO: [ app_begin ] --START--
INFO: Run Behavior\ReadHtmlCache [ RunTime:0.001000s ]
INFO: [ app_begin ] --END-- [ RunTime:0.001000s ]
NOTIC: [2] Invalid argument supplied for foreach() D:\phpstudy_pro\WWW\tryit.net\Application\Front\Controller\FrontBaseController.class.php 第 25 行.
SQL: SHOW COLUMNS FROM `al_mod_attr` [ RunTime:0.004000s ]
SQL: SELECT `attr_name` FROM `al_mod_attr` WHERE ( `mod_name` = '开户银行' )  [ RunTime:0.011001s ]

